<?xml version="1.0" encoding="UTF-8"?>
<!-- Generated by org.testng.reporters.JUnitReportReporter -->
<testsuite hostname="DESKTOP-H5CHME6" failures="0" tests="1" name="Loginrunner.CucumberRunnerTestslandlordlogin" time="46.043" errors="0" timestamp="2023-11-17T23:52:20 IST" skipped="0">
  <testcase classname="Loginrunner.CucumberRunnerTestslandlordlogin" name="runScenario" time="46.043"/>
  <system-out/>
</testsuite> <!-- Loginrunner.CucumberRunnerTestslandlordlogin -->
