<?xml version="1.0" encoding="UTF-8"?>
<!-- Generated by org.testng.reporters.JUnitReportReporter -->
<testsuite hostname="E-5CG2158XBX" failures="0" tests="1" name="com.crm.qa.testcases.CreateUsers" time="1.275" errors="0" timestamp="2023-01-09T16:58:32 IST" skipped="0">
  <testcase classname="com.crm.qa.testcases.CreateUsers" name="test02_post" time="1.275"/>
  <system-out/>
</testsuite> <!-- com.crm.qa.testcases.CreateUsers -->
