<?xml version="1.0" encoding="UTF-8"?>
<!-- Generated by org.testng.reporters.JUnitReportReporter -->
<testsuite hostname="E-5CG2158XBX" failures="0" tests="1" name="com.crm.qa.testcases.Test02_GET" time="2.085" errors="0" timestamp="2022-12-10T01:36:28 IST" skipped="0">
  <testcase classname="com.crm.qa.testcases.Test02_GET" name="test02_GET" time="2.085"/>
  <system-out/>
</testsuite> <!-- com.crm.qa.testcases.Test02_GET -->
