<?xml version="1.0" encoding="UTF-8"?>
<!-- Generated by org.testng.reporters.JUnitReportReporter -->
<testsuite hostname="E-5CG2158XBX" failures="0" tests="1" name="com.crm.qa.testcases.GetUsers" time="1.401" errors="0" timestamp="2023-01-09T17:00:48 IST" skipped="0">
  <testcase classname="com.crm.qa.testcases.GetUsers" name="test01_getalluser" time="1.401"/>
  <system-out/>
</testsuite> <!-- com.crm.qa.testcases.GetUsers -->
