<?xml version="1.0" encoding="UTF-8"?>
<!-- Generated by org.testng.reporters.JUnitReportReporter -->
<testsuite hostname="E-5CG2158XBX" failures="0" tests="1" name="elis.api.automation.createToken" time="2.219" errors="0" timestamp="2023-05-05T14:21:02 IST" skipped="0">
  <testcase classname="elis.api.automation.createToken" name="create_Token" time="2.219"/>
  <system-out/>
</testsuite> <!-- elis.api.automation.createToken -->
