<?xml version="1.0" encoding="UTF-8"?>
<!-- Generated by org.testng.reporters.JUnitReportReporter -->
<testsuite hostname="E-5CG2158XBX" failures="0" tests="1" name="com.crm.qa.testcases.Test05_Delete" time="1.648" errors="0" timestamp="2022-12-10T00:30:49 IST" skipped="0">
  <testcase classname="com.crm.qa.testcases.Test05_Delete" name="test05_delete" time="1.648"/>
  <system-out/>
</testsuite> <!-- com.crm.qa.testcases.Test05_Delete -->
