<?xml version="1.0" encoding="UTF-8"?>
<!-- Generated by org.testng.reporters.JUnitReportReporter -->
<testsuite hostname="E-5CG2158XBX" failures="0" tests="1" name="com.crm.qa.testcases.MyFirstRestAssured" time="1.391" errors="0" timestamp="2022-12-05T19:12:23 IST" skipped="0">
  <testcase classname="com.crm.qa.testcases.MyFirstRestAssured" name="test01_get" time="1.391"/>
  <system-out/>
</testsuite> <!-- com.crm.qa.testcases.MyFirstRestAssured -->
