<?xml version="1.0" encoding="UTF-8"?>
<!-- Generated by org.testng.reporters.JUnitReportReporter -->
<testsuite skipped="0" hostname="IN-00235188" name="com.crm.qa.testcases.FreeCrmTest" tests="1" failures="0" timestamp="07 May 2021 11:03:27 GMT" time="42.749" errors="0">
  <testcase name="freeCrmTitleTest" time="42.749" classname="com.crm.qa.testcases.FreeCrmTest"/>
</testsuite> <!-- com.crm.qa.testcases.FreeCrmTest -->
