<?xml version="1.0" encoding="UTF-8"?>
<!-- Generated by org.testng.reporters.JUnitReportReporter -->
<testsuite hostname="E-5CG2158XBX" failures="0" tests="2" name="com.crm.qa.testcases.MyFirstRestAssured_GET" time="2.686" errors="0" timestamp="2022-12-06T16:27:24 IST" skipped="0">
  <testcase classname="com.crm.qa.testcases.MyFirstRestAssured_GET" name="test_02" time="0.783"/>
  <system-out/>
  <testcase classname="com.crm.qa.testcases.MyFirstRestAssured_GET" name="test01_get" time="1.903"/>
  <system-out/>
</testsuite> <!-- com.crm.qa.testcases.MyFirstRestAssured_GET -->
