<?xml version="1.0" encoding="UTF-8"?>
<!-- Generated by org.testng.reporters.JUnitReportReporter -->
<testsuite hostname="E-5CG2158XBX" failures="0" tests="1" name="com.crm.qa.testcases.Test03_Post" time="1.876" errors="0" timestamp="2022-12-08T17:21:42 IST" skipped="0">
  <testcase classname="com.crm.qa.testcases.Test03_Post" name="test03_test" time="1.876"/>
  <system-out/>
</testsuite> <!-- com.crm.qa.testcases.Test03_Post -->
