<?xml version="1.0" encoding="UTF-8"?>
<!-- Generated by org.testng.reporters.JUnitReportReporter -->
<testsuite hostname="E-5CG2158XBX" failures="0" tests="1" name="com.crm.qa.testcases.Test04_PUT" time="1.888" errors="0" timestamp="2022-12-10T00:19:20 IST" skipped="0">
  <testcase classname="com.crm.qa.testcases.Test04_PUT" name="test05_patch" time="1.888"/>
  <system-out/>
</testsuite> <!-- com.crm.qa.testcases.Test04_PUT -->
