<?xml version="1.0" encoding="UTF-8"?>
<!-- Generated by org.testng.reporters.JUnitReportReporter -->
<testsuite skipped="0" hostname="IN-00235188" name="com.crm.qa.testcases.LoginPageTest" tests="4" failures="0" timestamp="2021-05-10T21:47:26 IST" time="40.924" errors="0">
  <testcase name="loginPageTitleTest" time="9.067" classname="com.crm.qa.testcases.LoginPageTest"/>
  <system-out/>
  <testcase name="crmLogoImageTest" time="9.094" classname="com.crm.qa.testcases.LoginPageTest"/>
  <system-out/>
  <testcase name="navigatetoLoginPage" time="13.479" classname="com.crm.qa.testcases.LoginPageTest"/>
  <system-out/>
  <testcase name="loginTest" time="9.284" classname="com.crm.qa.testcases.LoginPageTest"/>
  <system-out/>
</testsuite> <!-- com.crm.qa.testcases.LoginPageTest -->
