<?xml version="1.0" encoding="UTF-8"?>
<!-- Generated by org.testng.reporters.JUnitReportReporter -->
<testsuite hostname="DESKTOP-H5CHME6" failures="0" tests="2" name="Testcases.AllureAnnotations" time="17.519" errors="0" timestamp="2023-06-12T01:07:50 IST" skipped="0">
  <testcase classname="Testcases.AllureAnnotations" name="login" time="13.479"/>
  <system-out/>
  <testcase classname="Testcases.AllureAnnotations" name="fail" time="4.040"/>
  <system-out/>
</testsuite> <!-- Testcases.AllureAnnotations -->
