<?xml version="1.0" encoding="UTF-8"?>
<!-- Generated by org.testng.reporters.JUnitReportReporter -->
<testsuite hostname="DESKTOP-H5CHME6" failures="0" tests="2" name="Loginrunner.CucumberRunnerTestslandlordlogin" time="67.021" errors="0" timestamp="2023-12-15T17:25:24 IST" skipped="0">
  <testcase classname="Loginrunner.CucumberRunnerTestslandlordlogin" name="runScenario" time="35.656"/>
  <system-out/>
  <testcase classname="Loginrunner.CucumberRunnerTestslandlordlogin" name="runScenario" time="31.365"/>
  <system-out/>
</testsuite> <!-- Loginrunner.CucumberRunnerTestslandlordlogin -->
