<?xml version="1.0" encoding="UTF-8"?>
<!-- Generated by org.testng.reporters.JUnitReportReporter -->
<testsuite hostname="DESKTOP-H5CHME6" failures="0" tests="1" name="TestCases.validatesmaddproperty" time="16.524" errors="0" timestamp="2023-02-24T20:05:29 IST" skipped="0">
  <testcase classname="TestCases.validatesmaddproperty" name="Validateproperty" time="16.524"/>
  <system-out/>
</testsuite> <!-- TestCases.validatesmaddproperty -->
