<?xml version="1.0" encoding="UTF-8"?>
<!-- Generated by org.testng.reporters.JUnitReportReporter -->
<testsuite hostname="DESKTOP-H5CHME6" failures="0" tests="1" name="TestCases.Duplicatepropertyvali" time="19.077" errors="0" timestamp="2023-02-24T20:17:39 IST" skipped="0">
  <testcase classname="TestCases.Duplicatepropertyvali" name="Validateproperty" time="19.077"/>
  <system-out/>
</testsuite> <!-- TestCases.Duplicatepropertyvali -->
